[2025-06-13 16:07:30]
URL: /fabrika/Fabrika_customErrors.aspx?aspxerrorpath=%2ffabrika%2fMusteriler%2fMusteriDetay.aspx
Hata: Sayfa bulunamad覺: /fabrika/Musteriler/MusteriDetay.aspx
Detay: 
--------------------------------------------------
[2025-06-13 16:10:33]
URL: /fabrika/Fabrika_customErrors.aspx?aspxerrorpath=%2ffabrika%2fMusteriler%2fMusteriDetay.aspx
Hata: Sayfa bulunamad覺: /fabrika/Musteriler/MusteriDetay.aspx
Detay: 
--------------------------------------------------
[2025-06-13 16:20:05]
URL: /fabrika/Fabrika_customErrors.aspx?aspxerrorpath=%2ffabrika%2fMusteriler%2fMusteriDetay.aspx
Hata: Sayfa bulunamad覺: /fabrika/Musteriler/MusteriDetay.aspx
Detay: 
--------------------------------------------------
[2025-06-13 16:26:12]
URL: /fabrika/Fabrika_customErrors.aspx?aspxerrorpath=/fabrika/Musteriler/MusteriDetay.aspx
Hata: Sayfa bulunamad覺: /fabrika/Musteriler/MusteriDetay.aspx
Detay: 
--------------------------------------------------
